## Footprint report - date 02/15/17 16:56:59
## Created by Pcbnew version kicad 4.0.5
## Unit = inches, Angle = deg.

$BeginDESCRIPTION

$BOARD
upper_left_corner  4.400000  2.150000
lower_right_corner  6.250000  5.371457
$EndBOARD

$MODULE "P1"
reference "P1"
value "CONN_01X02"
footprint "Connectors_Molex:Molex_SMA_Jack_Edge_Mount"
attribut smd
position  5.075000  4.800000  orientation 90.00
layer front
$PAD "1"
Shape Rect Layer front
position -0.067717  0.000000  size  0.200000  0.090157  orientation 0.00
drill  0.000000
shape_offset  0.000000  0.000000
$EndPAD
$PAD "2"
Shape Rect Layer front
position -0.067717 -0.172441  size  0.200000  0.095276  orientation 0.00
drill  0.000000
shape_offset  0.000000  0.000000
$EndPAD
$PAD "2"
Shape Rect Layer front
position -0.067717  0.172441  size  0.200000  0.095276  orientation 0.00
drill  0.000000
shape_offset  0.000000  0.000000
$EndPAD
$PAD "2"
Shape Rect Layer back
position -0.067717 -0.172441  size  0.200000  0.095276  orientation 0.00
drill  0.000000
shape_offset  0.000000  0.000000
$EndPAD
$PAD "2"
Shape Rect Layer back
position -0.067717  0.172441  size  0.200000  0.095276  orientation 0.00
drill  0.000000
shape_offset  0.000000  0.000000
$EndPAD
$PAD "2"
Shape Circle Layer both
position  0.067717 -0.172441  size  0.038189  0.038189  orientation 0.00
drill  0.018110
shape_offset  0.000000  0.000000
$EndPAD
$PAD "2"
Shape Circle Layer both
position  0.067717  0.172441  size  0.038189  0.038189  orientation 0.00
drill  0.018110
shape_offset  0.000000  0.000000
$EndPAD
$PAD "2"
Shape Rect Layer front
position  0.050000 -0.172441  size  0.035039  0.018110  orientation 0.00
drill  0.000000
shape_offset  0.000000  0.000000
$EndPAD
$PAD "2"
Shape Rect Layer front
position  0.050000  0.172441  size  0.035039  0.018110  orientation 0.00
drill  0.000000
shape_offset  0.000000  0.000000
$EndPAD
$PAD "2"
Shape Rect Layer back
position  0.050000 -0.172441  size  0.035039  0.018110  orientation 0.00
drill  0.000000
shape_offset  0.000000  0.000000
$EndPAD
$PAD "2"
Shape Rect Layer back
position  0.050000  0.172441  size  0.035039  0.018110  orientation 0.00
drill  0.000000
shape_offset  0.000000  0.000000
$EndPAD
$EndMODULE  P1

$EndDESCRIPTION
